INFO:     Started server process [56770]
INFO:     Waiting for application startup.
INFO:     Application startup complete.
INFO:     Uvicorn running on http://0.0.0.0:8000 (Press CTRL+C to quit)
INFO:     127.0.0.1:60462 - "GET /docs HTTP/1.1" 200 OK
INFO:     100.60.7.145:60608 - "OPTIONS /auth/login HTTP/1.1" 200 OK
INFO:     100.60.7.145:60608 - "POST /auth/login HTTP/1.1" 401 Unauthorized
INFO:     100.60.7.145:60608 - "GET /cafes/ HTTP/1.1" 401 Unauthorized
INFO:     100.60.7.145:60635 - "GET /public/cafes HTTP/1.1" 200 OK
INFO:     100.60.7.145:60635 - "OPTIONS /auth/register HTTP/1.1" 200 OK
INFO:     100.60.7.145:60635 - "POST /auth/register HTTP/1.1" 500 Internal Server Error
ERROR:    Exception in ASGI application
Traceback (most recent call last):
  File "/Users/abdulloh/Dev/canteen/.venv/lib/python3.12/site-packages/sqlalchemy/engine/base.py", line 1967, in _exec_single_context
    self.dialect.do_execute(
  File "/Users/abdulloh/Dev/canteen/.venv/lib/python3.12/site-packages/sqlalchemy/engine/default.py", line 951, in do_execute
    cursor.execute(statement, parameters)
psycopg2.errors.ForeignKeyViolation: insert or update on table "cafe_owner_profile" violates foreign key constraint "cafe_owner_profile_user_id_fkey"
DETAIL:  Key (user_id)=(2f953bf3-bf76-43ef-9349-766d73923f50) is not present in table "user".


The above exception was the direct cause of the following exception:

Traceback (most recent call last):
  File "/Users/abdulloh/Dev/canteen/.venv/lib/python3.12/site-packages/uvicorn/protocols/http/httptools_impl.py", line 409, in run_asgi
    result = await app(  # type: ignore[func-returns-value]
             ^^^^^^^^^^^^^^^^^^^^^^^^^^^^^^^^^^^^^^^^^^^^^^
  File "/Users/abdulloh/Dev/canteen/.venv/lib/python3.12/site-packages/uvicorn/middleware/proxy_headers.py", line 60, in __call__
    return await self.app(scope, receive, send)
           ^^^^^^^^^^^^^^^^^^^^^^^^^^^^^^^^^^^^
  File "/Users/abdulloh/Dev/canteen/.venv/lib/python3.12/site-packages/fastapi/applications.py", line 1134, in __call__
    await super().__call__(scope, receive, send)
  File "/Users/abdulloh/Dev/canteen/.venv/lib/python3.12/site-packages/starlette/applications.py", line 113, in __call__
    await self.middleware_stack(scope, receive, send)
  File "/Users/abdulloh/Dev/canteen/.venv/lib/python3.12/site-packages/starlette/middleware/errors.py", line 186, in __call__
    raise exc
  File "/Users/abdulloh/Dev/canteen/.venv/lib/python3.12/site-packages/starlette/middleware/errors.py", line 164, in __call__
    await self.app(scope, receive, _send)
  File "/Users/abdulloh/Dev/canteen/.venv/lib/python3.12/site-packages/starlette/middleware/cors.py", line 93, in __call__
    await self.simple_response(scope, receive, send, request_headers=headers)
  File "/Users/abdulloh/Dev/canteen/.venv/lib/python3.12/site-packages/starlette/middleware/cors.py", line 144, in simple_response
    await self.app(scope, receive, send)
  File "/Users/abdulloh/Dev/canteen/.venv/lib/python3.12/site-packages/starlette/middleware/exceptions.py", line 63, in __call__
    await wrap_app_handling_exceptions(self.app, conn)(scope, receive, send)
  File "/Users/abdulloh/Dev/canteen/.venv/lib/python3.12/site-packages/starlette/_exception_handler.py", line 53, in wrapped_app
    raise exc
  File "/Users/abdulloh/Dev/canteen/.venv/lib/python3.12/site-packages/starlette/_exception_handler.py", line 42, in wrapped_app
    await app(scope, receive, sender)
  File "/Users/abdulloh/Dev/canteen/.venv/lib/python3.12/site-packages/fastapi/middleware/asyncexitstack.py", line 18, in __call__
    await self.app(scope, receive, send)
  File "/Users/abdulloh/Dev/canteen/.venv/lib/python3.12/site-packages/starlette/routing.py", line 716, in __call__
    await self.middleware_stack(scope, receive, send)
  File "/Users/abdulloh/Dev/canteen/.venv/lib/python3.12/site-packages/starlette/routing.py", line 736, in app
    await route.handle(scope, receive, send)
  File "/Users/abdulloh/Dev/canteen/.venv/lib/python3.12/site-packages/starlette/routing.py", line 290, in handle
    await self.app(scope, receive, send)
  File "/Users/abdulloh/Dev/canteen/.venv/lib/python3.12/site-packages/fastapi/routing.py", line 125, in app
    await wrap_app_handling_exceptions(app, request)(scope, receive, send)
  File "/Users/abdulloh/Dev/canteen/.venv/lib/python3.12/site-packages/starlette/_exception_handler.py", line 53, in wrapped_app
    raise exc
  File "/Users/abdulloh/Dev/canteen/.venv/lib/python3.12/site-packages/starlette/_exception_handler.py", line 42, in wrapped_app
    await app(scope, receive, sender)
  File "/Users/abdulloh/Dev/canteen/.venv/lib/python3.12/site-packages/fastapi/routing.py", line 111, in app
    response = await f(request)
               ^^^^^^^^^^^^^^^^
  File "/Users/abdulloh/Dev/canteen/.venv/lib/python3.12/site-packages/fastapi/routing.py", line 391, in app
    raw_response = await run_endpoint_function(
                   ^^^^^^^^^^^^^^^^^^^^^^^^^^^^
  File "/Users/abdulloh/Dev/canteen/.venv/lib/python3.12/site-packages/fastapi/routing.py", line 292, in run_endpoint_function
    return await run_in_threadpool(dependant.call, **values)
           ^^^^^^^^^^^^^^^^^^^^^^^^^^^^^^^^^^^^^^^^^^^^^^^^^
  File "/Users/abdulloh/Dev/canteen/.venv/lib/python3.12/site-packages/starlette/concurrency.py", line 38, in run_in_threadpool
    return await anyio.to_thread.run_sync(func)
           ^^^^^^^^^^^^^^^^^^^^^^^^^^^^^^^^^^^^
  File "/Users/abdulloh/Dev/canteen/.venv/lib/python3.12/site-packages/anyio/to_thread.py", line 56, in run_sync
    return await get_async_backend().run_sync_in_worker_thread(
           ^^^^^^^^^^^^^^^^^^^^^^^^^^^^^^^^^^^^^^^^^^^^^^^^^^^^
  File "/Users/abdulloh/Dev/canteen/.venv/lib/python3.12/site-packages/anyio/_backends/_asyncio.py", line 2485, in run_sync_in_worker_thread
    return await future
           ^^^^^^^^^^^^
  File "/Users/abdulloh/Dev/canteen/.venv/lib/python3.12/site-packages/anyio/_backends/_asyncio.py", line 976, in run
    result = context.run(func, *args)
             ^^^^^^^^^^^^^^^^^^^^^^^^
  File "/Users/abdulloh/Dev/canteen/app/routers/auth.py", line 47, in register
    db.commit()
  File "/Users/abdulloh/Dev/canteen/.venv/lib/python3.12/site-packages/sqlalchemy/orm/session.py", line 2030, in commit
    trans.commit(_to_root=True)
  File "<string>", line 2, in commit
  File "/Users/abdulloh/Dev/canteen/.venv/lib/python3.12/site-packages/sqlalchemy/orm/state_changes.py", line 137, in _go
    ret_value = fn(self, *arg, **kw)
                ^^^^^^^^^^^^^^^^^^^^
  File "/Users/abdulloh/Dev/canteen/.venv/lib/python3.12/site-packages/sqlalchemy/orm/session.py", line 1311, in commit
    self._prepare_impl()
  File "<string>", line 2, in _prepare_impl
  File "/Users/abdulloh/Dev/canteen/.venv/lib/python3.12/site-packages/sqlalchemy/orm/state_changes.py", line 137, in _go
    ret_value = fn(self, *arg, **kw)
                ^^^^^^^^^^^^^^^^^^^^
  File "/Users/abdulloh/Dev/canteen/.venv/lib/python3.12/site-packages/sqlalchemy/orm/session.py", line 1286, in _prepare_impl
    self.session.flush()
  File "/Users/abdulloh/Dev/canteen/.venv/lib/python3.12/site-packages/sqlalchemy/orm/session.py", line 4331, in flush
    self._flush(objects)
  File "/Users/abdulloh/Dev/canteen/.venv/lib/python3.12/site-packages/sqlalchemy/orm/session.py", line 4466, in _flush
    with util.safe_reraise():
         ^^^^^^^^^^^^^^^^^^^
  File "/Users/abdulloh/Dev/canteen/.venv/lib/python3.12/site-packages/sqlalchemy/util/langhelpers.py", line 224, in __exit__
    raise exc_value.with_traceback(exc_tb)
  File "/Users/abdulloh/Dev/canteen/.venv/lib/python3.12/site-packages/sqlalchemy/orm/session.py", line 4427, in _flush
    flush_context.execute()
  File "/Users/abdulloh/Dev/canteen/.venv/lib/python3.12/site-packages/sqlalchemy/orm/unitofwork.py", line 466, in execute
    rec.execute(self)
  File "/Users/abdulloh/Dev/canteen/.venv/lib/python3.12/site-packages/sqlalchemy/orm/unitofwork.py", line 642, in execute
    util.preloaded.orm_persistence.save_obj(
  File "/Users/abdulloh/Dev/canteen/.venv/lib/python3.12/site-packages/sqlalchemy/orm/persistence.py", line 93, in save_obj
    _emit_insert_statements(
  File "/Users/abdulloh/Dev/canteen/.venv/lib/python3.12/site-packages/sqlalchemy/orm/persistence.py", line 1233, in _emit_insert_statements
    result = connection.execute(
             ^^^^^^^^^^^^^^^^^^^
  File "/Users/abdulloh/Dev/canteen/.venv/lib/python3.12/site-packages/sqlalchemy/engine/base.py", line 1419, in execute
    return meth(
           ^^^^^
  File "/Users/abdulloh/Dev/canteen/.venv/lib/python3.12/site-packages/sqlalchemy/sql/elements.py", line 526, in _execute_on_connection
    return connection._execute_clauseelement(
           ^^^^^^^^^^^^^^^^^^^^^^^^^^^^^^^^^^
  File "/Users/abdulloh/Dev/canteen/.venv/lib/python3.12/site-packages/sqlalchemy/engine/base.py", line 1641, in _execute_clauseelement
    ret = self._execute_context(
          ^^^^^^^^^^^^^^^^^^^^^^
  File "/Users/abdulloh/Dev/canteen/.venv/lib/python3.12/site-packages/sqlalchemy/engine/base.py", line 1846, in _execute_context
    return self._exec_single_context(
           ^^^^^^^^^^^^^^^^^^^^^^^^^^
  File "/Users/abdulloh/Dev/canteen/.venv/lib/python3.12/site-packages/sqlalchemy/engine/base.py", line 1986, in _exec_single_context
    self._handle_dbapi_exception(
  File "/Users/abdulloh/Dev/canteen/.venv/lib/python3.12/site-packages/sqlalchemy/engine/base.py", line 2355, in _handle_dbapi_exception
    raise sqlalchemy_exception.with_traceback(exc_info[2]) from e
  File "/Users/abdulloh/Dev/canteen/.venv/lib/python3.12/site-packages/sqlalchemy/engine/base.py", line 1967, in _exec_single_context
    self.dialect.do_execute(
  File "/Users/abdulloh/Dev/canteen/.venv/lib/python3.12/site-packages/sqlalchemy/engine/default.py", line 951, in do_execute
    cursor.execute(statement, parameters)
sqlalchemy.exc.IntegrityError: (psycopg2.errors.ForeignKeyViolation) insert or update on table "cafe_owner_profile" violates foreign key constraint "cafe_owner_profile_user_id_fkey"
DETAIL:  Key (user_id)=(2f953bf3-bf76-43ef-9349-766d73923f50) is not present in table "user".

[SQL: INSERT INTO cafe_owner_profile (id, user_id, total_orders, total_customers, total_revenue, created_at, updated_at) VALUES (%(id)s, %(user_id)s, %(total_orders)s, %(total_customers)s, %(total_revenue)s, %(created_at)s, %(updated_at)s)]
[parameters: {'id': 'ecfff2c6-e1c7-4208-93d1-e44ff69a8123', 'user_id': '2f953bf3-bf76-43ef-9349-766d73923f50', 'total_orders': '0', 'total_customers': '0', 'total_revenue': '0', 'created_at': datetime.datetime(2025, 12, 4, 9, 33, 47, 38213), 'updated_at': datetime.datetime(2025, 12, 4, 9, 33, 47, 38214)}]
(Background on this error at: https://sqlalche.me/e/20/gkpj)
INFO:     127.0.0.1:53639 - "GET / HTTP/1.1" 404 Not Found
INFO:     127.0.0.1:53639 - "GET // HTTP/1.1" 404 Not Found
INFO:     127.0.0.1:53639 - "GET / HTTP/1.1" 404 Not Found
INFO:     127.0.0.1:56231 - "POST /api/workers/products/ HTTP/1.1" 404 Not Found
INFO:     127.0.0.1:62862 - "GET /api/workers/products/ HTTP/1.1" 404 Not Found
INFO:     127.0.0.1:62867 - "GET /api/workers/products/ HTTP/1.1" 404 Not Found
INFO:     127.0.0.1:62867 - "GET /api/workers/products/ HTTP/1.1" 404 Not Found
INFO:     127.0.0.1:62930 - "POST /api/workers/products/ HTTP/1.1" 404 Not Found
INFO:     127.0.0.1:62930 - "GET / HTTP/1.1" 404 Not Found
INFO:     127.0.0.1:62930 - "GET /admin/products/sellingprice/ HTTP/1.1" 404 Not Found
INFO:     127.0.0.1:62930 - "GET /products/sellingprice/ HTTP/1.1" 404 Not Found
INFO:     127.0.0.1:63478 - "GET /api/workers/dashboard/ HTTP/1.1" 404 Not Found
INFO:     127.0.0.1:63834 - "GET /api/workers/dashboard/ HTTP/1.1" 404 Not Found
INFO:     127.0.0.1:49341 - "GET /api/workers/leaderboard/?period=all&type=earnings HTTP/1.1" 404 Not Found
INFO:     127.0.0.1:49342 - "GET /api/workers/leaderboard/?period=all&type=earnings HTTP/1.1" 404 Not Found
INFO:     127.0.0.1:49347 - "GET /api/workers/leaderboard/?period=all&type=earnings HTTP/1.1" 404 Not Found
INFO:     127.0.0.1:57819 - "GET /api/materials/ HTTP/1.1" 404 Not Found
INFO:     127.0.0.1:63389 - "GET /admin/workers/workerprofile/ HTTP/1.1" 404 Not Found
INFO:     127.0.0.1:63390 - "GET /admin/jsi18n/ HTTP/1.1" 404 Not Found
INFO:     127.0.0.1:63582 - "POST /api/materials/material-incomes/ HTTP/1.1" 404 Not Found
INFO:     127.0.0.1:65443 - "GET /admin/materials/material/ HTTP/1.1" 404 Not Found
INFO:     127.0.0.1:49252 - "GET /api/materials/colors/ HTTP/1.1" 404 Not Found
INFO:     127.0.0.1:49752 - "GET /api/admin/company-expenses/ HTTP/1.1" 404 Not Found
INFO:     127.0.0.1:50030 - "GET /api/admin/expenses/ HTTP/1.1" 404 Not Found
INFO:     127.0.0.1:50035 - "GET /api/admin/personal-expenses/ HTTP/1.1" 404 Not Found
INFO:     127.0.0.1:50035 - "GET /api/admin/personal-expenses/ HTTP/1.1" 404 Not Found
INFO:     127.0.0.1:50035 - "GET /api/admin/personal-expenses/ HTTP/1.1" 404 Not Found
INFO:     127.0.0.1:50425 - "GET /api/admin/expenses/8/ HTTP/1.1" 404 Not Found
INFO:     127.0.0.1:52133 - "GET /api/admin/expenses/6/ HTTP/1.1" 404 Not Found
INFO:     127.0.0.1:52133 - "GET /api/admin/expenses/6/ HTTP/1.1" 404 Not Found
INFO:     127.0.0.1:52133 - "GET /api/admin/expenses/6/ HTTP/1.1" 404 Not Found
INFO:     127.0.0.1:63375 - "GET / HTTP/1.1" 404 Not Found
